<?xml version="1.0" encoding="UTF-8" ?>
<testsuite errors="1" failures="0" hostname="DESKTOP-CFBBTDO" name="es.uvigo.esei.dai.hybridserver.HybridServerSecondReleaseTestSuite" skipped="0" tests="1" time="0.0" timestamp="2019-01-08T12:38:19">
  <properties>
[...]
</properties>
  <error message="es.uvigo.esei.dai.hybridserver.HybridServerSecondReleaseTestSuite" type="java.lang.ClassNotFoundException">java.lang.ClassNotFoundException: es.uvigo.esei.dai.hybridserver.HybridServerSecondReleaseTestSuite
	at java.net.URLClassLoader.findClass(URLClassLoader.java:381)
	at java.lang.ClassLoader.loadClass(ClassLoader.java:424)
	at sun.misc.Launcher$AppClassLoader.loadClass(Launcher.java:331)
	at java.lang.ClassLoader.loadClass(ClassLoader.java:357)
	at java.lang.Class.forName0(Native Method)
	at java.lang.Class.forName(Class.java:264)
</error>
  <system-out><![CDATA[]]></system-out>
  <system-err><![CDATA[]]></system-err>
</testsuite>
